Using pre-set license
Built from '2020.3/staging' branch; Version is '2020.3.0f1 (c7b5465681fb) revision 13088070'; Using compiler version '192528614'; Build Type 'Release'
OS: 'Windows 10 Home; OS build 16299.15; Version 1709; 64bit' Language: 'es' Physical Memory: 14237 MB
BatchMode: 1, IsHumanControllingUs: 0, StartBugReporterOnCrash: 0, Is64bit: 1, IsPro: 0

 COMMAND LINE ARGUMENTS:
C:\Program Files\Unity\Editor\2020.3.0f1\Editor\Unity.exe
-adb2
-batchMode
-noUpm
-name
AssetImportWorker0
-projectPath
C:/Users/ASUS/AndroidStudioProjects/RAV UNITY/RAV PRACTICA
-logFile
Logs/AssetImportWorker0.log
-srvPort
61229
Successfully changed project path to: C:/Users/ASUS/AndroidStudioProjects/RAV UNITY/RAV PRACTICA
C:/Users/ASUS/AndroidStudioProjects/RAV UNITY/RAV PRACTICA
Using Asset Import Pipeline V2.
Refreshing native plugins compatible for Editor in 32.08 ms, found 0 plugins.
Preloading 0 native plugins for Editor in 0.00 ms.
Initialize engine version: 2020.3.0f1 (c7b5465681fb)
[Subsystems] Discovering subsystems at path C:/Program Files/Unity/Editor/2020.3.0f1/Editor/Data/Resources/UnitySubsystems
[Subsystems] Discovering subsystems at path C:/Users/ASUS/AndroidStudioProjects/RAV UNITY/RAV PRACTICA/Assets
GfxDevice: creating device client; threaded=0
Direct3D:
    Version:  Direct3D 11.0 [level 11.1]
    Renderer: NVIDIA GeForce GTX 1050 (ID=0x1c8d)
    Vendor:   
    VRAM:     4021 MB
    Driver:   26.21.14.4575
Initialize mono
Mono path[0] = 'C:/Program Files/Unity/Editor/2020.3.0f1/Editor/Data/Managed'
Mono path[1] = 'C:/Program Files/Unity/Editor/2020.3.0f1/Editor/Data/MonoBleedingEdge/lib/mono/unityjit'
Mono config path = 'C:/Program Files/Unity/Editor/2020.3.0f1/Editor/Data/MonoBleedingEdge/etc'
Using monoOptions --debugger-agent=transport=dt_socket,embedding=1,server=y,suspend=n,address=127.0.0.1:56288
Begin MonoManager ReloadAssembly
Registering precompiled unity dll's ...
Register platform support module: C:/Program Files/Unity/Editor/2020.3.0f1/Editor/Data/PlaybackEngines/WindowsStandaloneSupport/UnityEditor.WindowsStandalone.Extensions.dll
Registered in 0.002474 seconds.
Native extension for WindowsStandalone target not found
Refreshing native plugins compatible for Editor in 29.23 ms, found 0 plugins.
Preloading 0 native plugins for Editor in 0.00 ms.
Invoked RoslynAnalysisRunner static constructor.
RoslynAnalysisRunner will not be running.
RoslynAnalysisRunner has terminated.
Mono: successfully reloaded assembly
- Completed reload, in  2.391 seconds
Platform modules already initialized, skipping
Registering precompiled user dll's ...
Registered in 0.001012 seconds.
Begin MonoManager ReloadAssembly
Native extension for WindowsStandalone target not found
Refreshing native plugins compatible for Editor in 0.46 ms, found 0 plugins.
Preloading 0 native plugins for Editor in 0.00 ms.
Invoked RoslynAnalysisRunner static constructor.
RoslynAnalysisRunner will not be running.
RoslynAnalysisRunner has terminated.
Mono: successfully reloaded assembly
- Completed reload, in  0.947 seconds
Platform modules already initialized, skipping
========================================================================
Worker process is ready to serve import requests
Launched and connected shader compiler UnityShaderCompiler.exe after 0.11 seconds
Refreshing native plugins compatible for Editor in 0.26 ms, found 0 plugins.
Preloading 0 native plugins for Editor in 0.00 ms.
Unloading 1437 Unused Serialized files (Serialized files now loaded: 0)
System memory in use before: 66.5 MB.
System memory in use after: 66.6 MB.

Unloading 12 unused Assets to reduce memory usage. Loaded Objects now: 1879.
Total: 2.632937 ms (FindLiveObjects: 0.188536 ms CreateObjectMapping: 0.184160 ms MarkObjects: 2.136253 ms  DeleteObjects: 0.122530 ms)

========================================================================
Received Import Request.
  path: Assets/Humvee.fbx
  artifactKey: Guid(14db810ce805be64885c96aad9ea6693) Importer(815301076,1909f56bfc062723c751e8b465ee728b)
Start importing Assets/Humvee.fbx using Guid(14db810ce805be64885c96aad9ea6693) Importer(815301076,1909f56bfc062723c751e8b465ee728b)  -> (artifact id: '348c9de21f1acb7599760861bef6a2c9') in 0.970782 seconds
  Import took 0.997385 seconds .

========================================================================
Received Import Request.
  Time since last request: 57.117867 seconds.
  path: Assets/Humvee.obj
  artifactKey: Guid(18f0705586875a14b8ab5c9f5318789d) Importer(815301076,1909f56bfc062723c751e8b465ee728b)
Start importing Assets/Humvee.obj using Guid(18f0705586875a14b8ab5c9f5318789d) Importer(815301076,1909f56bfc062723c751e8b465ee728b)  -> (artifact id: '2c584314d2f06c6317fc0cd7914f42e3') in 0.062452 seconds
  Import took 0.065991 seconds .

========================================================================
Received Prepare
Refreshing native plugins compatible for Editor in 1.64 ms, found 0 plugins.
Preloading 0 native plugins for Editor in 0.00 ms.
Unloading 4 Unused Serialized files (Serialized files now loaded: 0)
System memory in use before: 41.5 MB.
System memory in use after: 41.6 MB.

Unloading 3 unused Assets to reduce memory usage. Loaded Objects now: 1923.
Total: 3.623023 ms (FindLiveObjects: 0.185983 ms CreateObjectMapping: 0.056889 ms MarkObjects: 3.318522 ms  DeleteObjects: 0.059806 ms)

========================================================================
Received Prepare
Refreshing native plugins compatible for Editor in 1.18 ms, found 0 plugins.
Preloading 0 native plugins for Editor in 0.00 ms.
Unloading 3 Unused Serialized files (Serialized files now loaded: 0)
System memory in use before: 41.4 MB.
System memory in use after: 41.5 MB.

Unloading 3 unused Assets to reduce memory usage. Loaded Objects now: 1923.
Total: 5.669566 ms (FindLiveObjects: 0.229014 ms CreateObjectMapping: 0.058712 ms MarkObjects: 5.322763 ms  DeleteObjects: 0.057618 ms)

========================================================================
Received Prepare
Refreshing native plugins compatible for Editor in 1.25 ms, found 0 plugins.
Preloading 0 native plugins for Editor in 0.00 ms.
Unloading 3 Unused Serialized files (Serialized files now loaded: 0)
System memory in use before: 41.5 MB.
System memory in use after: 41.5 MB.

Unloading 3 unused Assets to reduce memory usage. Loaded Objects now: 1923.
Total: 4.200665 ms (FindLiveObjects: 0.730439 ms CreateObjectMapping: 0.225368 ms MarkObjects: 3.144573 ms  DeleteObjects: 0.098462 ms)

========================================================================
Received Prepare
Refreshing native plugins compatible for Editor in 1.20 ms, found 0 plugins.
Preloading 0 native plugins for Editor in 0.00 ms.
Unloading 3 Unused Serialized files (Serialized files now loaded: 0)
System memory in use before: 41.5 MB.
System memory in use after: 41.6 MB.

Unloading 3 unused Assets to reduce memory usage. Loaded Objects now: 1923.
Total: 3.147855 ms (FindLiveObjects: 0.277881 ms CreateObjectMapping: 0.054336 ms MarkObjects: 2.720823 ms  DeleteObjects: 0.093356 ms)

========================================================================
Received Prepare
Refreshing native plugins compatible for Editor in 1.38 ms, found 0 plugins.
Preloading 0 native plugins for Editor in 0.00 ms.
Unloading 3 Unused Serialized files (Serialized files now loaded: 0)
System memory in use before: 41.5 MB.
System memory in use after: 41.6 MB.

Unloading 3 unused Assets to reduce memory usage. Loaded Objects now: 1923.
Total: 5.421589 ms (FindLiveObjects: 0.406610 ms CreateObjectMapping: 0.053607 ms MarkObjects: 4.867286 ms  DeleteObjects: 0.092262 ms)

========================================================================
Received Import Request.
  Time since last request: 1341.266858 seconds.
  path: Assets/New Material.mat
  artifactKey: Guid(cd9fb34be88e4e543b466789c5ceb080) Importer(815301076,1909f56bfc062723c751e8b465ee728b)
Start importing Assets/New Material.mat using Guid(cd9fb34be88e4e543b466789c5ceb080) Importer(815301076,1909f56bfc062723c751e8b465ee728b)  -> (artifact id: '383d70d5c47785cba4875b395aa85f05') in 0.063303 seconds
  Import took 0.067331 seconds .

========================================================================
Received Prepare
Refreshing native plugins compatible for Editor in 1.37 ms, found 0 plugins.
Preloading 0 native plugins for Editor in 0.00 ms.
Unloading 3 Unused Serialized files (Serialized files now loaded: 0)
System memory in use before: 41.5 MB.
System memory in use after: 41.6 MB.

Unloading 3 unused Assets to reduce memory usage. Loaded Objects now: 1923.
Total: 5.235971 ms (FindLiveObjects: 0.592593 ms CreateObjectMapping: 0.241413 ms MarkObjects: 4.328665 ms  DeleteObjects: 0.071111 ms)

========================================================================
Received Import Request.
  Time since last request: 88.646093 seconds.
  path: Assets/color rojo.mat
  artifactKey: Guid(cd9fb34be88e4e543b466789c5ceb080) Importer(815301076,1909f56bfc062723c751e8b465ee728b)
Start importing Assets/color rojo.mat using Guid(cd9fb34be88e4e543b466789c5ceb080) Importer(815301076,1909f56bfc062723c751e8b465ee728b)  -> (artifact id: 'c4c6cd523491d7d551f59f08081040ff') in 0.016629 seconds
  Import took 0.051862 seconds .

========================================================================
Received Import Request.
  Time since last request: 0.564838 seconds.
  path: Assets/color rojo.mat
  artifactKey: Guid(cd9fb34be88e4e543b466789c5ceb080) Importer(815301076,1909f56bfc062723c751e8b465ee728b)
Start importing Assets/color rojo.mat using Guid(cd9fb34be88e4e543b466789c5ceb080) Importer(815301076,1909f56bfc062723c751e8b465ee728b)  -> (artifact id: 'c4c6cd523491d7d551f59f08081040ff') in 0.016038 seconds
  Import took 0.019875 seconds .

AssetImportWorkerClient::OnTransportError - code=2 error=End of file
